Flutter crash report.
Please report a bug at https://github.com/flutter/flutter/issues.

## command

flutter --no-color run --machine --track-widget-creation --device-id=c94adb470121 --start-paused --dart-define=flutter.inspector.structuredErrors=true lib\main.dart

## exception

StateError: Bad state: StreamSink is closed

```
#0      _StreamSinkImpl.add (dart:_http/http_impl.dart:912:7)
#1      _WebSocketImpl.add (dart:_http/websocket_impl.dart:1222:11)
#2      VmService._call.<anonymous closure> (package:vm_service/src/vm_service.dart:1785:22)
#3      VmService._call (package:vm_service/src/vm_service.dart:1787:8)
#4      VmService.callServiceExtension (package:vm_service/src/vm_service.dart:1725:14)
#5      VmService.callMethod (package:vm_service/src/vm_service.dart:1716:12)
#6      FlutterVmService.callMethodWrapper (package:flutter_tools/src/vmservice.dart:503:28)
#7      FlutterVmService.getFlutterViews (package:flutter_tools/src/vmservice.dart:934:51)
#8      HotRunner.attach (package:flutter_tools/src/run_hot.dart:304:63)
<asynchronous suspension>
#9      AppDomain.launch.<anonymous closure> (package:flutter_tools/src/commands/daemon.dart:815:9)
<asynchronous suspension>
#10     AppDomain.launch (package:flutter_tools/src/commands/daemon.dart:813:5)
<asynchronous suspension>
#11     RunCommand.runCommand (package:flutter_tools/src/commands/run.dart:754:15)
<asynchronous suspension>
#12     FlutterCommand.run.<anonymous closure> (package:flutter_tools/src/runner/flutter_command.dart:1396:27)
<asynchronous suspension>
#13     AppContext.run.<anonymous closure> (package:flutter_tools/src/base/context.dart:153:19)
<asynchronous suspension>
#14     CommandRunner.runCommand (package:args/command_runner.dart:212:13)
<asynchronous suspension>
#15     FlutterCommandRunner.runCommand.<anonymous closure> (package:flutter_tools/src/runner/flutter_command_runner.dart:372:9)
<asynchronous suspension>
#16     AppContext.run.<anonymous closure> (package:flutter_tools/src/base/context.dart:153:19)
<asynchronous suspension>
#17     FlutterCommandRunner.runCommand (package:flutter_tools/src/runner/flutter_command_runner.dart:308:5)
<asynchronous suspension>
#18     run.<anonymous closure>.<anonymous closure> (package:flutter_tools/runner.dart:130:9)
<asynchronous suspension>
#19     AppContext.run.<anonymous closure> (package:flutter_tools/src/base/context.dart:153:19)
<asynchronous suspension>
#20     main (package:flutter_tools/executable.dart:93:3)
<asynchronous suspension>
```

## flutter doctor

```
[✓] Flutter (Channel beta, 3.23.0-0.1.pre, on Microsoft Windows [Version 10.0.22631.4169], locale en-IN)
    • Flutter version 3.23.0-0.1.pre on channel beta at C:\src\flutter
    • Upstream repository https://github.com/flutter/flutter.git
    • Framework revision 2feea7a407 (4 months ago), 2024-06-06 10:19:10 +0700
    • Engine revision bb10c54666
    • Dart version 3.5.0 (build 3.5.0-180.3.beta)
    • DevTools version 2.36.0

[✓] Windows Version (Installed version of Windows is version 10 or higher)

[!] Android toolchain - develop for Android devices (Android SDK version 35.0.0)
    • Android SDK at C:\Users\manoj\AppData\Local\Android\sdk
    ✗ cmdline-tools component is missing
      Run `path/to/sdkmanager --install "cmdline-tools;latest"`
      See https://developer.android.com/studio/command-line for more details.
    ✗ Android license status unknown.
      Run `flutter doctor --android-licenses` to accept the SDK licenses.
      See https://flutter.dev/docs/get-started/install/windows#android-setup for more details.

[✓] Chrome - develop for the web
    • Chrome at C:\Program Files\Google\Chrome\Application\chrome.exe

[✗] Visual Studio - develop Windows apps
    ✗ Visual Studio not installed; this is necessary to develop Windows apps.
      Download at https://visualstudio.microsoft.com/downloads/.
      Please install the "Desktop development with C++" workload, including all of its default components

[✓] Android Studio (version 2024.1)
    • Android Studio at C:\Program Files\Android\Android Studio
    • Flutter plugin can be installed from:
      🔨 https://plugins.jetbrains.com/plugin/9212-flutter
    • Dart plugin can be installed from:
      🔨 https://plugins.jetbrains.com/plugin/6351-dart
    • Java version OpenJDK Runtime Environment (build 17.0.10+0--11609105)

[✓] VS Code (version 1.93.1)
    • VS Code at C:\Users\manoj\AppData\Local\Programs\Microsoft VS Code
    • Flutter extension can be installed from:
      🔨 https://marketplace.visualstudio.com/items?itemName=Dart-Code.flutter

[✓] Connected device (5 available)
    • M2010J19CI (mobile)          • c94adb470121  • android-arm64  • Android 12 (API 31)
    • sdk gphone64 x86 64 (mobile) • emulator-5554 • android-x64    • Android 12 (API 32) (emulator)
    • Windows (desktop)            • windows       • windows-x64    • Microsoft Windows [Version 10.0.22631.4169]
    • Chrome (web)                 • chrome        • web-javascript • Google Chrome 129.0.6668.70
    • Edge (web)                   • edge          • web-javascript • Microsoft Edge 129.0.2792.65

[!] Network resources
    ✗ A network error occurred while checking "https://github.com/": The semaphore timeout period has expired.


! Doctor found issues in 3 categories.
```
